<?xml version="1.0" encoding="UTF-8"?>
<testng-results ignored="0" total="1" passed="1" failed="0" skipped="0">
  <reporter-output>
  </reporter-output>
  <suite started-at="2023-03-28T17:46:51 IST" name="Default suite" finished-at="2023-03-28T17:46:51 IST" duration-ms="123">
    <groups>
    </groups>
    <test started-at="2023-03-28T17:46:51 IST" name="Default test" finished-at="2023-03-28T17:46:51 IST" duration-ms="123">
      <class name="com.joshsoftware.tests.firstTest">
        <test-method signature="testLogin()[pri:0, instance:com.joshsoftware.tests.firstTest@49049a04]" started-at="2023-03-28T17:46:51 IST" name="testLogin" finished-at="2023-03-28T17:46:51 IST" duration-ms="68" status="PASS">
          <reporter-output>
          </reporter-output>
        </test-method> <!-- testLogin -->
      </class> <!-- com.joshsoftware.tests.firstTest -->
    </test> <!-- Default test -->
  </suite> <!-- Default suite -->
</testng-results>
